Build started 11/8/2015 1:40:20 PM.
     1>Project "C:\Users\jerem\Documents\Visual Studio 2015\Projects\ICS 45C Lab 3\ICS 45C Lab 3\ICS 45C Lab 3.vcxproj" on node 2 (Rebuild target(s)).
     1>ClCompile:
         C:\Program Files (x86)\Microsoft Visual Studio 14.0\VC\bin\CL.exe /c /ZI /nologo /W3 /WX- /sdl /Od /Oy- /D CODE_ANALYSIS /D WIN32 /D _DEBUG /D _CONSOLE /D _UNICODE /D UNICODE /Gm /EHsc /RTC1 /MDd /GS /fp:precise /Zc:wchar_t /Zc:forScope /Zc:inline /Fo"Debug\\" /Fd"Debug\vc140.pdb" /Gd /TP /analyze /analyze:plugin"C:\Program Files (x86)\Microsoft Visual Studio 14.0\VC\\bin\localespc.dll" /errorReport:prompt   /analyze:quiet HashMap.cpp main.cpp
         main.cpp
         HashMap.cpp
     1>c:\users\jerem\documents\visual studio 2015\projects\ics 45c lab 3\ics 45c lab 3\hashmap.cpp(12): warning C4018: '<': signed/unsigned mismatch
     1>c:\users\jerem\documents\visual studio 2015\projects\ics 45c lab 3\ics 45c lab 3\hashmap.cpp(44): warning C4018: '<': signed/unsigned mismatch
     1>c:\users\jerem\documents\visual studio 2015\projects\ics 45c lab 3\ics 45c lab 3\hashmap.cpp(195): warning C4018: '<': signed/unsigned mismatch
     1>c:\users\jerem\documents\visual studio 2015\projects\ics 45c lab 3\ics 45c lab 3\hashmap.cpp(225): warning C4018: '<': signed/unsigned mismatch
     1>c:\users\jerem\documents\visual studio 2015\projects\ics 45c lab 3\ics 45c lab 3\hashmap.cpp(244): warning C4018: '<': signed/unsigned mismatch
         Running Code Analysis for C/C++...
         Generating Code...
       Link:
         C:\Program Files (x86)\Microsoft Visual Studio 14.0\VC\bin\link.exe /ERRORREPORT:PROMPT /OUT:"C:\Users\jerem\Documents\Visual Studio 2015\Projects\ICS 45C Lab 3\Debug\ICS 45C Lab 3.exe" /INCREMENTAL /NOLOGO kernel32.lib user32.lib gdi32.lib winspool.lib comdlg32.lib advapi32.lib shell32.lib ole32.lib oleaut32.lib uuid.lib odbc32.lib odbccp32.lib /MANIFEST /MANIFESTUAC:"level='asInvoker' uiAccess='false'" /manifest:embed /Debug /PDB:"C:\Users\jerem\Documents\Visual Studio 2015\Projects\ICS 45C Lab 3\Debug\ICS 45C Lab 3.pdb" /SUBSYSTEM:CONSOLE /TLBID:1 /DYNAMICBASE /NXCOMPAT /IMPLIB:"C:\Users\jerem\Documents\Visual Studio 2015\Projects\ICS 45C Lab 3\Debug\ICS 45C Lab 3.lib" /MACHINE:X86 Debug\HashMap.obj
         Debug\main.obj
         ICS 45C Lab 3.vcxproj -> C:\Users\jerem\Documents\Visual Studio 2015\Projects\ICS 45C Lab 3\Debug\ICS 45C Lab 3.exe
     1>Done Building Project "C:\Users\jerem\Documents\Visual Studio 2015\Projects\ICS 45C Lab 3\ICS 45C Lab 3\ICS 45C Lab 3.vcxproj" (Rebuild target(s)).

Build succeeded.

Time Elapsed 00:00:06.17
